# JRE version: Java(TM) SE Runtime Environment (8.0_144-b01) (build 1.8.0_144-b01)
# Java VM: Java HotSpot(TM) Client VM (25.144-b01 mixed mode windows-x86 )
Heap:
 def new generation   total 53376K, used 48044K [0x04400000, 0x07de0000, 0x19950000)
  eden space 47488K,  89% used [0x04400000, 0x06d7a658, 0x07260000)
  from space 5888K,  94% used [0x07820000, 0x07d90c50, 0x07de0000)
  to   space 5888K,   0% used [0x07260000, 0x07260000, 0x07820000)
 tenured generation   total 118252K, used 98057K [0x19950000, 0x20ccb000, 0x44400000)
   the space 118252K,  82% used [0x19950000, 0x1f9125a0, 0x1f912600, 0x20ccb000)
 Metaspace       used 33387K, capacity 34197K, committed 34304K, reserved 35200K
GC Heap History (10 events):
Event: 108.530 GC heap before
{Heap before GC invocations=132 (full 9):
 def new generation   total 53376K, used 47488K [0x04400000, 0x07de0000, 0x19950000)
  eden space 47488K, 100% used [0x04400000, 0x07260000, 0x07260000)
  from space 5888K,   0% used [0x07260000, 0x07260000, 0x07820000)
  to   space 5888K,   0% used [0x07820000, 0x07820000, 0x07de0000)
 tenured generation   total 118252K, used 64046K [0x19950000, 0x20ccb000, 0x44400000)
   the space 118252K,  54% used [0x19950000, 0x1d7db8b0, 0x1d7dba00, 0x20ccb000)
 Metaspace       used 32394K, capacity 33068K, committed 33152K, reserved 33152K
Event: 108.537 GC heap after
Heap after GC invocations=133 (full 9):
 def new generation   total 53376K, used 5888K [0x04400000, 0x07de0000, 0x19950000)
  eden space 47488K,   0% used [0x04400000, 0x04400000, 0x07260000)
  from space 5888K, 100% used [0x07820000, 0x07de0000, 0x07de0000)
  to   space 5888K,   0% used [0x07260000, 0x07260000, 0x07820000)
 tenured generation   total 118252K, used 76762K [0x19950000, 0x20ccb000, 0x44400000)
   the space 118252K,  64% used [0x19950000, 0x1e446a90, 0x1e446c00, 0x20ccb000)
 Metaspace       used 32394K, capacity 33068K, committed 33152K, reserved 33152K
}
Event: 109.244 GC heap before
{Heap before GC invocations=133 (full 9):
 def new generation   total 53376K, used 53376K [0x04400000, 0x07de0000, 0x19950000)
  eden space 47488K, 100% used [0x04400000, 0x07260000, 0x07260000)
  from space 5888K, 100% used [0x07820000, 0x07de0000, 0x07de0000)
  to   space 5888K,   0% used [0x07260000, 0x07260000, 0x07820000)
 tenured generation   total 118252K, used 76762K [0x19950000, 0x20ccb000, 0x44400000)
   the space 118252K,  64% used [0x19950000, 0x1e446a90, 0x1e446c00, 0x20ccb000)
 Metaspace       used 33060K, capacity 33762K, committed 33792K, reserved 34176K
Event: 109.286 GC heap after
Heap after GC invocations=134 (full 9):
 def new generation   total 53376K, used 4940K [0x04400000, 0x07de0000, 0x19950000)
  eden space 47488K,   0% used [0x04400000, 0x04400000, 0x07260000)
  from space 5888K,  83% used [0x07260000, 0x07733068, 0x07820000)
  to   space 5888K,   0% used [0x07820000, 0x07820000, 0x07de0000)
 tenured generation   total 118252K, used 82639K [0x19950000, 0x20ccb000, 0x44400000)
   the space 118252K,  69% used [0x19950000, 0x1ea03f60, 0x1ea04000, 0x20ccb000)
 Metaspace       used 33060K, capacity 33762K, committed 33792K, reserved 34176K
}
Event: 109.543 GC heap before
{Heap before GC invocations=134 (full 9):
 def new generation   total 53376K, used 52428K [0x04400000, 0x07de0000, 0x19950000)
  eden space 47488K, 100% used [0x04400000, 0x07260000, 0x07260000)
  from space 5888K,  83% used [0x07260000, 0x07733068, 0x07820000)
  to   space 5888K,   0% used [0x07820000, 0x07820000, 0x07de0000)
 tenured generation   total 118252K, used 82639K [0x19950000, 0x20ccb000, 0x44400000)
   the space 118252K,  69% used [0x19950000, 0x1ea03f60, 0x1ea04000, 0x20ccb000)
 Metaspace       used 33087K, capacity 33804K, committed 33920K, reserved 34176K
Event: 109.599 GC heap after
Heap after GC invocations=135 (full 9):
 def new generation   total 53376K, used 4722K [0x04400000, 0x07de0000, 0x19950000)
  eden space 47488K,   0% used [0x04400000, 0x04400000, 0x07260000)
  from space 5888K,  80% used [0x07820000, 0x07cbcaa0, 0x07de0000)
  to   space 5888K,   0% used [0x07260000, 0x07260000, 0x07820000)
 tenured generation   total 118252K, used 86373K [0x19950000, 0x20ccb000, 0x44400000)
   the space 118252K,  73% used [0x19950000, 0x1eda9758, 0x1eda9800, 0x20ccb000)
 Metaspace       used 33087K, capacity 33804K, committed 33920K, reserved 34176K
}
Event: 109.880 GC heap before
{Heap before GC invocations=135 (full 9):
 def new generation   total 53376K, used 52210K [0x04400000, 0x07de0000, 0x19950000)
  eden space 47488K, 100% used [0x04400000, 0x07260000, 0x07260000)
  from space 5888K,  80% used [0x07820000, 0x07cbcaa0, 0x07de0000)
  to   space 5888K,   0% used [0x07260000, 0x07260000, 0x07820000)
 tenured generation   total 118252K, used 86373K [0x19950000, 0x20ccb000, 0x44400000)
   the space 118252K,  73% used [0x19950000, 0x1eda9758, 0x1eda9800, 0x20ccb000)
 Metaspace       used 33087K, capacity 33804K, committed 33920K, reserved 34176K
Event: 109.939 GC heap after
Heap after GC invocations=136 (full 9):
 def new generation   total 53376K, used 5888K [0x04400000, 0x07de0000, 0x19950000)
  eden space 47488K,   0% used [0x04400000, 0x04400000, 0x07260000)
  from space 5888K, 100% used [0x07260000, 0x07820000, 0x07820000)
  to   space 5888K,   0% used [0x07820000, 0x07820000, 0x07de0000)
 tenured generation   total 118252K, used 92781K [0x19950000, 0x20ccb000, 0x44400000)
   the space 118252K,  78% used [0x19950000, 0x1f3eb750, 0x1f3eb800, 0x20ccb000)
 Metaspace       used 33087K, capacity 33804K, committed 33920K, reserved 34176K
}
Event: 110.316 GC heap before
{Heap before GC invocations=136 (full 9):
 def new generation   total 53376K, used 53376K [0x04400000, 0x07de0000, 0x19950000)
  eden space 47488K, 100% used [0x04400000, 0x07260000, 0x07260000)
  from space 5888K, 100% used [0x07260000, 0x07820000, 0x07820000)
  to   space 5888K,   0% used [0x07820000, 0x07820000, 0x07de0000)
 tenured generation   total 118252K, used 92781K [0x19950000, 0x20ccb000, 0x44400000)
   the space 118252K,  78% used [0x19950000, 0x1f3eb750, 0x1f3eb800, 0x20ccb000)
 Metaspace       used 33135K, capacity 33839K, committed 33920K, reserved 34176K
Event: 110.363 GC heap after
Heap after GC invocations=137 (full 9):
 def new generation   total 53376K, used 5571K [0x04400000, 0x07de0000, 0x19950000)
  eden space 47488K,   0% used [0x04400000, 0x04400000, 0x07260000)
  from space 5888K,  94% used [0x07820000, 0x07d90c50, 0x07de0000)
  to   space 5888K,   0% used [0x07260000, 0x07260000, 0x07820000)
 tenured generation   total 118252K, used 98057K [0x19950000, 0x20ccb000, 0x44400000)
   the space 118252K,  82% used [0x19950000, 0x1f9125a0, 0x1f912600, 0x20ccb000)
 Metaspace       used 33135K, capacity 33839K, committed 33920K, reserved 34176K
}

