# JRE version: OpenJDK Runtime Environment (8.0_144-b01) (build 1.8.0_144-b01)
# Java VM: OpenJDK 64-Bit Server VM (25.144-b01 mixed mode linux-amd64 compressed oops)
Heap:
 PSYoungGen      total 239616K, used 153889K [0x00000000f0000000, 0x0000000100000000, 0x0000000100000000)
  eden space 221184K, 62% used [0x00000000f0000000,0x00000000f8665b40,0x00000000fd800000)
  from space 18432K, 88% used [0x00000000fee00000,0x00000000ffde2c10,0x0000000100000000)
  to   space 20480K, 0% used [0x00000000fd800000,0x00000000fd800000,0x00000000fec00000)
 ParOldGen       total 524288K, used 161840K [0x00000000d0000000, 0x00000000f0000000, 0x00000000f0000000)
  object space 524288K, 30% used [0x00000000d0000000,0x00000000d9e0c0c8,0x00000000f0000000)
 Metaspace       used 90599K, capacity 96326K, committed 96472K, reserved 1132544K
  class space    used 11012K, capacity 12538K, committed 12544K, reserved 1048576K
GC Heap History (10 events):
Event: 5007.346 GC heap before
{Heap before GC invocations=101 (full 3):
 PSYoungGen      total 245760K, used 239416K [0x00000000f0000000, 0x0000000100000000, 0x0000000100000000)
  eden space 229888K, 100% used [0x00000000f0000000,0x00000000fe080000,0x00000000fe080000)
  from space 15872K, 60% used [0x00000000fe080000,0x00000000fe9ce1c8,0x00000000ff000000)
  to   space 15872K, 0% used [0x00000000ff080000,0x00000000ff080000,0x0000000100000000)
 ParOldGen       total 524288K, used 161210K [0x00000000d0000000, 0x00000000f0000000, 0x00000000f0000000)
  object space 524288K, 30% used [0x00000000d0000000,0x00000000d9d6e9a0,0x00000000f0000000)
 Metaspace       used 86504K, capacity 92108K, committed 92376K, reserved 1130496K
  class space    used 10697K, capacity 12183K, committed 12288K, reserved 1048576K
Event: 5007.360 GC heap after
Heap after GC invocations=101 (full 3):
 PSYoungGen      total 245248K, used 11418K [0x00000000f0000000, 0x0000000100000000, 0x0000000100000000)
  eden space 229376K, 0% used [0x00000000f0000000,0x00000000f0000000,0x00000000fe000000)
  from space 15872K, 71% used [0x00000000ff080000,0x00000000ffba6ba0,0x0000000100000000)
  to   space 16384K, 0% used [0x00000000fe000000,0x00000000fe000000,0x00000000ff000000)
 ParOldGen       total 524288K, used 161464K [0x00000000d0000000, 0x00000000f0000000, 0x00000000f0000000)
  object space 524288K, 30% used [0x00000000d0000000,0x00000000d9dae0c8,0x00000000f0000000)
 Metaspace       used 86504K, capacity 92108K, committed 92376K, reserved 1130496K
  class space    used 10697K, capacity 12183K, committed 12288K, reserved 1048576K
}
Event: 5009.696 GC heap before
{Heap before GC invocations=102 (full 3):
 PSYoungGen      total 245248K, used 240794K [0x00000000f0000000, 0x0000000100000000, 0x0000000100000000)
  eden space 229376K, 100% used [0x00000000f0000000,0x00000000fe000000,0x00000000fe000000)
  from space 15872K, 71% used [0x00000000ff080000,0x00000000ffba6ba0,0x0000000100000000)
  to   space 16384K, 0% used [0x00000000fe000000,0x00000000fe000000,0x00000000ff000000)
 ParOldGen       total 524288K, used 161464K [0x00000000d0000000, 0x00000000f0000000, 0x00000000f0000000)
  object space 524288K, 30% used [0x00000000d0000000,0x00000000d9dae0c8,0x00000000f0000000)
 Metaspace       used 86882K, capacity 92526K, committed 92632K, reserved 1130496K
  class space    used 10750K, capacity 12257K, committed 12288K, reserved 1048576K
Event: 5009.706 GC heap after
Heap after GC invocations=102 (full 3):
 PSYoungGen      total 241664K, used 12258K [0x00000000f0000000, 0x0000000100000000, 0x0000000100000000)
  eden space 229376K, 0% used [0x00000000f0000000,0x00000000f0000000,0x00000000fe000000)
  from space 12288K, 99% used [0x00000000fe000000,0x00000000febf8948,0x00000000fec00000)
  to   space 17408K, 0% used [0x00000000fef00000,0x00000000fef00000,0x0000000100000000)
 ParOldGen       total 524288K, used 161504K [0x00000000d0000000, 0x00000000f0000000, 0x00000000f0000000)
  object space 524288K, 30% used [0x00000000d0000000,0x00000000d9db80c8,0x00000000f0000000)
 Metaspace       used 86882K, capacity 92526K, committed 92632K, reserved 1130496K
  class space    used 10750K, capacity 12257K, committed 12288K, reserved 1048576K
}
Event: 5011.945 GC heap before
{Heap before GC invocations=103 (full 3):
 PSYoungGen      total 241664K, used 241634K [0x00000000f0000000, 0x0000000100000000, 0x0000000100000000)
  eden space 229376K, 100% used [0x00000000f0000000,0x00000000fe000000,0x00000000fe000000)
  from space 12288K, 99% used [0x00000000fe000000,0x00000000febf8948,0x00000000fec00000)
  to   space 17408K, 0% used [0x00000000fef00000,0x00000000fef00000,0x0000000100000000)
 ParOldGen       total 524288K, used 161504K [0x00000000d0000000, 0x00000000f0000000, 0x00000000f0000000)
  object space 524288K, 30% used [0x00000000d0000000,0x00000000d9db80c8,0x00000000f0000000)
 Metaspace       used 87107K, capacity 92782K, committed 92888K, reserved 1130496K
  class space    used 10758K, capacity 12257K, committed 12288K, reserved 1048576K
Event: 5011.958 GC heap after
Heap after GC invocations=103 (full 3):
 PSYoungGen      total 243712K, used 12260K [0x00000000f0000000, 0x0000000100000000, 0x0000000100000000)
  eden space 226304K, 0% used [0x00000000f0000000,0x00000000f0000000,0x00000000fdd00000)
  from space 17408K, 70% used [0x00000000fef00000,0x00000000ffaf9340,0x0000000100000000)
  to   space 17920K, 0% used [0x00000000fdd00000,0x00000000fdd00000,0x00000000fee80000)
 ParOldGen       total 524288K, used 161592K [0x00000000d0000000, 0x00000000f0000000, 0x00000000f0000000)
  object space 524288K, 30% used [0x00000000d0000000,0x00000000d9dce0c8,0x00000000f0000000)
 Metaspace       used 87107K, capacity 92782K, committed 92888K, reserved 1130496K
  class space    used 10758K, capacity 12257K, committed 12288K, reserved 1048576K
}
Event: 5013.197 GC heap before
{Heap before GC invocations=104 (full 3):
 PSYoungGen      total 243712K, used 238564K [0x00000000f0000000, 0x0000000100000000, 0x0000000100000000)
  eden space 226304K, 100% used [0x00000000f0000000,0x00000000fdd00000,0x00000000fdd00000)
  from space 17408K, 70% used [0x00000000fef00000,0x00000000ffaf9340,0x0000000100000000)
  to   space 17920K, 0% used [0x00000000fdd00000,0x00000000fdd00000,0x00000000fee80000)
 ParOldGen       total 524288K, used 161592K [0x00000000d0000000, 0x00000000f0000000, 0x00000000f0000000)
  object space 524288K, 30% used [0x00000000d0000000,0x00000000d9dce0c8,0x00000000f0000000)
 Metaspace       used 87364K, capacity 93038K, committed 93144K, reserved 1130496K
  class space    used 10767K, capacity 12257K, committed 12288K, reserved 1048576K
Event: 5013.209 GC heap after
Heap after GC invocations=104 (full 3):
 PSYoungGen      total 240128K, used 13542K [0x00000000f0000000, 0x0000000100000000, 0x0000000100000000)
  eden space 226304K, 0% used [0x00000000f0000000,0x00000000f0000000,0x00000000fdd00000)
  from space 13824K, 97% used [0x00000000fdd00000,0x00000000fea398b8,0x00000000fea80000)
  to   space 18432K, 0% used [0x00000000fee00000,0x00000000fee00000,0x0000000100000000)
 ParOldGen       total 524288K, used 161680K [0x00000000d0000000, 0x00000000f0000000, 0x00000000f0000000)
  object space 524288K, 30% used [0x00000000d0000000,0x00000000d9de40c8,0x00000000f0000000)
 Metaspace       used 87364K, capacity 93038K, committed 93144K, reserved 1130496K
  class space    used 10767K, capacity 12257K, committed 12288K, reserved 1048576K
}
Event: 5018.289 GC heap before
{Heap before GC invocations=105 (full 3):
 PSYoungGen      total 240128K, used 239846K [0x00000000f0000000, 0x0000000100000000, 0x0000000100000000)
  eden space 226304K, 100% used [0x00000000f0000000,0x00000000fdd00000,0x00000000fdd00000)
  from space 13824K, 97% used [0x00000000fdd00000,0x00000000fea398b8,0x00000000fea80000)
  to   space 18432K, 0% used [0x00000000fee00000,0x00000000fee00000,0x0000000100000000)
 ParOldGen       total 524288K, used 161680K [0x00000000d0000000, 0x00000000f0000000, 0x00000000f0000000)
  object space 524288K, 30% used [0x00000000d0000000,0x00000000d9de40c8,0x00000000f0000000)
 Metaspace       used 89053K, capacity 94756K, committed 94808K, reserved 1132544K
  class space    used 10904K, capacity 12402K, committed 12416K, reserved 1048576K
Event: 5018.305 GC heap after
Heap after GC invocations=105 (full 3):
 PSYoungGen      total 239616K, used 16267K [0x00000000f0000000, 0x0000000100000000, 0x0000000100000000)
  eden space 221184K, 0% used [0x00000000f0000000,0x00000000f0000000,0x00000000fd800000)
  from space 18432K, 88% used [0x00000000fee00000,0x00000000ffde2c10,0x0000000100000000)
  to   space 20480K, 0% used [0x00000000fd800000,0x00000000fd800000,0x00000000fec00000)
 ParOldGen       total 524288K, used 161840K [0x00000000d0000000, 0x00000000f0000000, 0x00000000f0000000)
  object space 524288K, 30% used [0x00000000d0000000,0x00000000d9e0c0c8,0x00000000f0000000)
 Metaspace       used 89053K, capacity 94756K, committed 94808K, reserved 1132544K
  class space    used 10904K, capacity 12402K, committed 12416K, reserved 1048576K
}

